<?xml version="1.0" encoding="UTF-8"?>
<!-- Generated by org.testng.reporters.JUnitReportReporter -->
<testsuite hostname="Teodoras-MacBook-Air.local" failures="0" tests="3" name="com.qaschool.api.tests.UserLifecycleTest" time="2.762" errors="0" timestamp="2026-06-07T01:36:51 EEST" skipped="0">
  <testcase classname="com.qaschool.api.tests.UserLifecycleTest" name="testRegisterUser" time="2.116"/>
  <testcase classname="com.qaschool.api.tests.UserLifecycleTest" name="testLoginUser" time="0.109"/>
  <testcase classname="com.qaschool.api.tests.UserLifecycleTest" name="testGetProfile" time="0.537"/>
</testsuite> <!-- com.qaschool.api.tests.UserLifecycleTest -->
