<?xml version="1.0" encoding="UTF-8"?>
<!-- Generated by org.testng.reporters.JUnitReportReporter -->
<testsuite hostname="Teodoras-MacBook-Air.local" failures="0" tests="7" name="com.qaschool.validators.PostValidatorTest" time="0.007" errors="0" timestamp="2026-06-07T01:36:51 EEST" skipped="0">
  <testcase classname="com.qaschool.validators.PostValidatorTest" name="testPostValidation" time="0.000"/>
  <testcase classname="com.qaschool.validators.PostValidatorTest" name="testPostValidation" time="0.000"/>
  <testcase classname="com.qaschool.validators.PostValidatorTest" name="testPostValidation" time="0.001"/>
  <testcase classname="com.qaschool.validators.PostValidatorTest" name="testPostValidation" time="0.000"/>
  <testcase classname="com.qaschool.validators.PostValidatorTest" name="testPostValidation" time="0.005"/>
  <testcase classname="com.qaschool.validators.PostValidatorTest" name="testPostValidation" time="0.001"/>
  <testcase classname="com.qaschool.validators.PostValidatorTest" name="testPostValidation" time="0.000"/>
</testsuite> <!-- com.qaschool.validators.PostValidatorTest -->
