<?xml version="1.0" encoding="UTF-8"?>
<!-- Generated by org.testng.reporters.JUnitXMLReporter -->
<testsuite ignored="0" hostname="Teodoras-MacBook-Air.local" failures="0" tests="10" name="Surefire test" time="3.024" errors="0" timestamp="2026-06-07T01:36:50 EEST">
  <testcase classname="com.qaschool.api.tests.UserLifecycleTest" name="testRegisterUser" time="2.116"/>
  <testcase classname="com.qaschool.api.tests.UserLifecycleTest" name="testLoginUser" time="0.109"/>
  <testcase classname="com.qaschool.api.tests.UserLifecycleTest" name="testGetProfile" time="0.537"/>
  <testcase classname="com.qaschool.validators.PostValidatorTest" name="testPostValidation" time="0.005"/>
  <testcase classname="com.qaschool.validators.PostValidatorTest" name="testPostValidation" time="0.001"/>
  <testcase classname="com.qaschool.validators.PostValidatorTest" name="testPostValidation" time="0.0"/>
  <testcase classname="com.qaschool.validators.PostValidatorTest" name="testPostValidation" time="0.0"/>
  <testcase classname="com.qaschool.validators.PostValidatorTest" name="testPostValidation" time="0.001"/>
  <testcase classname="com.qaschool.validators.PostValidatorTest" name="testPostValidation" time="0.0"/>
  <testcase classname="com.qaschool.validators.PostValidatorTest" name="testPostValidation" time="0.0"/>
</testsuite> <!-- Surefire test -->
