<?xml version="1.0" encoding="UTF-8"?>
<testng-results ignored="0" total="10" passed="10" failed="0" skipped="0">
  <reporter-output>
  </reporter-output>
  <suite started-at="2026-06-07T01:36:47 EEST" name="Surefire suite" finished-at="2026-06-07T01:36:50 EEST" duration-ms="3024">
    <groups>
    </groups>
    <test started-at="2026-06-07T01:36:47 EEST" name="Surefire test" finished-at="2026-06-07T01:36:50 EEST" duration-ms="3024">
      <class name="com.qaschool.api.tests.UserLifecycleTest">
        <test-method is-config="true" signature="setup()[pri:0, instance:com.qaschool.api.tests.UserLifecycleTest@7219ec67]" started-at="2026-06-07T01:36:47 EEST" name="setup" finished-at="2026-06-07T01:36:48 EEST" duration-ms="230" status="PASS">
          <reporter-output>
          </reporter-output>
        </test-method> <!-- setup -->
        <test-method signature="testRegisterUser()[pri:1, instance:com.qaschool.api.tests.UserLifecycleTest@7219ec67]" started-at="2026-06-07T01:36:48 EEST" name="testRegisterUser" finished-at="2026-06-07T01:36:50 EEST" duration-ms="2116" status="PASS">
          <reporter-output>
          </reporter-output>
        </test-method> <!-- testRegisterUser -->
        <test-method signature="testLoginUser()[pri:2, instance:com.qaschool.api.tests.UserLifecycleTest@7219ec67]" started-at="2026-06-07T01:36:50 EEST" name="testLoginUser" finished-at="2026-06-07T01:36:50 EEST" duration-ms="109" status="PASS">
          <reporter-output>
          </reporter-output>
        </test-method> <!-- testLoginUser -->
        <test-method signature="testGetProfile()[pri:3, instance:com.qaschool.api.tests.UserLifecycleTest@7219ec67]" started-at="2026-06-07T01:36:50 EEST" name="testGetProfile" finished-at="2026-06-07T01:36:50 EEST" duration-ms="537" status="PASS">
          <reporter-output>
          </reporter-output>
        </test-method> <!-- testGetProfile -->
      </class> <!-- com.qaschool.api.tests.UserLifecycleTest -->
      <class name="com.qaschool.validators.PostValidatorTest">
        <test-method is-config="true" signature="setup()[pri:0, instance:com.qaschool.validators.PostValidatorTest@79efed2d]" started-at="2026-06-07T01:36:50 EEST" name="setup" finished-at="2026-06-07T01:36:50 EEST" duration-ms="1" status="PASS">
          <reporter-output>
          </reporter-output>
        </test-method> <!-- setup -->
        <test-method signature="testPostValidation(java.lang.String,java.lang.String)[pri:0, instance:com.qaschool.validators.PostValidatorTest@79efed2d]" started-at="2026-06-07T01:36:50 EEST" name="testPostValidation" data-provider="postDataProvider" finished-at="2026-06-07T01:36:50 EEST" duration-ms="5" status="PASS">
          <params>
            <param index="0">
              <value>
                <![CDATA[Aceasta este o postare normală.]]>
              </value>
            </param>
            <param index="1">
              <value>
                <![CDATA[POST_VALID]]>
              </value>
            </param>
          </params>
          <reporter-output>
          </reporter-output>
        </test-method> <!-- testPostValidation -->
        <test-method signature="testPostValidation(java.lang.String,java.lang.String)[pri:0, instance:com.qaschool.validators.PostValidatorTest@79efed2d]" started-at="2026-06-07T01:36:50 EEST" name="testPostValidation" data-provider="postDataProvider" finished-at="2026-06-07T01:36:50 EEST" duration-ms="1" status="PASS">
          <params>
            <param index="0">
              <value is-null="true"/>
            </param>
            <param index="1">
              <value>
                <![CDATA[ERROR_EMPTY]]>
              </value>
            </param>
          </params>
          <reporter-output>
          </reporter-output>
        </test-method> <!-- testPostValidation -->
        <test-method signature="testPostValidation(java.lang.String,java.lang.String)[pri:0, instance:com.qaschool.validators.PostValidatorTest@79efed2d]" started-at="2026-06-07T01:36:50 EEST" name="testPostValidation" data-provider="postDataProvider" finished-at="2026-06-07T01:36:50 EEST" duration-ms="0" status="PASS">
          <params>
            <param index="0">
              <value>
                <![CDATA[]]>
              </value>
            </param>
            <param index="1">
              <value>
                <![CDATA[ERROR_EMPTY]]>
              </value>
            </param>
          </params>
          <reporter-output>
          </reporter-output>
        </test-method> <!-- testPostValidation -->
        <test-method signature="testPostValidation(java.lang.String,java.lang.String)[pri:0, instance:com.qaschool.validators.PostValidatorTest@79efed2d]" started-at="2026-06-07T01:36:50 EEST" name="testPostValidation" data-provider="postDataProvider" finished-at="2026-06-07T01:36:50 EEST" duration-ms="1" status="PASS">
          <params>
            <param index="0">
              <value>
                <![CDATA[Nu discutăm despre politică aici.]]>
              </value>
            </param>
            <param index="1">
              <value>
                <![CDATA[ERROR_FORBIDDEN]]>
              </value>
            </param>
          </params>
          <reporter-output>
          </reporter-output>
        </test-method> <!-- testPostValidation -->
        <test-method signature="testPostValidation(java.lang.String,java.lang.String)[pri:0, instance:com.qaschool.validators.PostValidatorTest@79efed2d]" started-at="2026-06-07T01:36:50 EEST" name="testPostValidation" data-provider="postDataProvider" finished-at="2026-06-07T01:36:50 EEST" duration-ms="0" status="PASS">
          <params>
            <param index="0">
              <value>
                <![CDATA[   ]]>
              </value>
            </param>
            <param index="1">
              <value>
                <![CDATA[ERROR_EMPTY]]>
              </value>
            </param>
          </params>
          <reporter-output>
          </reporter-output>
        </test-method> <!-- testPostValidation -->
        <test-method signature="testPostValidation(java.lang.String,java.lang.String)[pri:0, instance:com.qaschool.validators.PostValidatorTest@79efed2d]" started-at="2026-06-07T01:36:50 EEST" name="testPostValidation" data-provider="postDataProvider" finished-at="2026-06-07T01:36:50 EEST" duration-ms="0" status="PASS">
          <params>
            <param index="0">
              <value>
                <![CDATA[POLITICĂ și știri.]]>
              </value>
            </param>
            <param index="1">
              <value>
                <![CDATA[ERROR_FORBIDDEN]]>
              </value>
            </param>
          </params>
          <reporter-output>
          </reporter-output>
        </test-method> <!-- testPostValidation -->
        <test-method signature="testPostValidation(java.lang.String,java.lang.String)[pri:0, instance:com.qaschool.validators.PostValidatorTest@79efed2d]" started-at="2026-06-07T01:36:50 EEST" name="testPostValidation" data-provider="postDataProvider" finished-at="2026-06-07T01:36:50 EEST" duration-ms="0" status="PASS">
          <params>
            <param index="0">
              <value>
                <![CDATA[AAAAAAAAAAAAAAAAAAAAAAAAAAAAAAAAAAAAAAAAAAAAAAAAAAAAAAAAAAAAAAAAAAAAAAAAAAAAAAAAAAAAAAAAAAAAAAAAAAAAAAAAAAAAAAAAAAAAAAAAAAAAAAAAAAAAAAAAAAAAAAAAAAAAAAAAAAAAAAAAAAAAAAAAAAAAAAAAAAAAAAAAAAAAAAAAAAAAAAAAAAAAAAAAAAAAAAAAAAAAAAAAAAAAAAAAAAAAAAAAAAAAAAAAAAA]]>
              </value>
            </param>
            <param index="1">
              <value>
                <![CDATA[ERROR_TOO_LONG]]>
              </value>
            </param>
          </params>
          <reporter-output>
          </reporter-output>
        </test-method> <!-- testPostValidation -->
      </class> <!-- com.qaschool.validators.PostValidatorTest -->
    </test> <!-- Surefire test -->
  </suite> <!-- Surefire suite -->
</testng-results>
