<?xml version="1.0" encoding="UTF-8"?>
<testsuite xmlns:xsi="http://www.w3.org/2001/XMLSchema-instance" xsi:noNamespaceSchemaLocation="https://maven.apache.org/surefire/maven-surefire-plugin/xsd/surefire-test-report-3.0.xsd" version="3.0" name="TestSuite" time="3.252" tests="10" errors="0" skipped="0" failures="0">
  <properties>
[...]
</properties>
  <testcase name="testRegisterUser" classname="com.qaschool.api.tests.UserLifecycleTest" time="2.116">
    <system-err><![CDATA[SLF4J(W): No SLF4J providers were found.
SLF4J(W): Defaulting to no-operation (NOP) logger implementation
SLF4J(W): See https://www.slf4j.org/codes.html#noProviders for further details.
]]></system-err>
  </testcase>
  <testcase name="testLoginUser" classname="com.qaschool.api.tests.UserLifecycleTest" time="0.107"/>
  <testcase name="testGetProfile" classname="com.qaschool.api.tests.UserLifecycleTest" time="0.536"/>
  <testcase name="testPostValidation[Aceasta este o postare normală., POST_VALID](1)" classname="com.qaschool.validators.PostValidatorTest" time="0.005"/>
  <testcase name="testPostValidation[null, ERROR_EMPTY](2)" classname="com.qaschool.validators.PostValidatorTest" time="0.0"/>
  <testcase name="testPostValidation[, ERROR_EMPTY](3)" classname="com.qaschool.validators.PostValidatorTest" time="0.001"/>
  <testcase name="testPostValidation[   , ERROR_EMPTY](4)" classname="com.qaschool.validators.PostValidatorTest" time="0.0"/>
  <testcase name="testPostValidation[Nu discutăm despre politică aici., ERROR_FORBIDDEN](5)" classname="com.qaschool.validators.PostValidatorTest" time="0.0"/>
  <testcase name="testPostValidation[POLITICĂ și știri., ERROR_FORBIDDEN](6)" classname="com.qaschool.validators.PostValidatorTest" time="0.001"/>
  <testcase name="testPostValidation[AAAAAAAAAAAAAAAAAAAAAAAAAAAAAAAAAAAAAAAAAAAAAAAAAAAAAAAAAAAAAAAAAAAAAAAAAAAAAAAAAAAAAAAAAAAAAAAAAAAAAAAAAAAAAAAAAAAAAAAAAAAAAAAAAAAAAAAAAAAAAAAAAAAAAAAAAAAAAAAAAAAAAAAAAAAAAAAAAAAAAAAAAAAAAAAAAAAAAAAAAAAAAAAAAAAAAAAAAAAAAAAAAAAAAAAAAAAAAAAAAAAAAAAAAAA, ERROR_TOO_LONG](7)" classname="com.qaschool.validators.PostValidatorTest" time="0.0"/>
</testsuite>